<?xml version="1.0" encoding="UTF-8"?>
<coverage generated="1774526508938" clover="3.2.0">
  <project timestamp="1774526508938" name="All files">
    <metrics statements="77" coveredstatements="77" conditionals="23" coveredconditionals="21" methods="2" coveredmethods="2" elements="102" coveredelements="100" complexity="0" loc="77" ncloc="77" packages="1" files="2" classes="2"/>
    <file name="use-auth.ts" path="/app/packages/web/src/hooks/use-auth.ts">
      <metrics statements="32" coveredstatements="32" conditionals="6" coveredconditionals="6" methods="1" coveredmethods="1"/>
      <line num="3" count="1" type="stmt"/>
      <line num="4" count="1" type="stmt"/>
      <line num="6" count="1" type="cond" truecount="1" falsecount="0"/>
      <line num="7" count="5" type="stmt"/>
      <line num="9" count="5" type="cond" truecount="1" falsecount="0"/>
      <line num="10" count="2" type="stmt"/>
      <line num="11" count="2" type="stmt"/>
      <line num="12" count="2" type="stmt"/>
      <line num="13" count="2" type="stmt"/>
      <line num="14" count="2" type="stmt"/>
      <line num="15" count="2" type="stmt"/>
      <line num="16" count="2" type="cond" truecount="1" falsecount="0"/>
      <line num="17" count="1" type="stmt"/>
      <line num="18" count="1" type="stmt"/>
      <line num="19" count="5" type="stmt"/>
      <line num="21" count="5" type="cond" truecount="1" falsecount="0"/>
      <line num="22" count="2" type="stmt"/>
      <line num="23" count="2" type="stmt"/>
      <line num="24" count="2" type="stmt"/>
      <line num="25" count="2" type="stmt"/>
      <line num="26" count="2" type="stmt"/>
      <line num="27" count="2" type="stmt"/>
      <line num="28" count="2" type="cond" truecount="1" falsecount="0"/>
      <line num="29" count="1" type="stmt"/>
      <line num="30" count="1" type="stmt"/>
      <line num="31" count="5" type="stmt"/>
      <line num="33" count="5" type="cond" truecount="1" falsecount="0"/>
      <line num="34" count="1" type="stmt"/>
      <line num="35" count="1" type="stmt"/>
      <line num="36" count="5" type="stmt"/>
      <line num="38" count="5" type="stmt"/>
      <line num="39" count="5" type="stmt"/>
    </file>
    <file name="use-auto-save.ts" path="/app/packages/web/src/hooks/use-auto-save.ts">
      <metrics statements="45" coveredstatements="45" conditionals="17" coveredconditionals="15" methods="1" coveredmethods="1"/>
      <line num="3" count="1" type="stmt"/>
      <line num="4" count="1" type="stmt"/>
      <line num="6" count="1" type="stmt"/>
      <line num="7" count="1" type="stmt"/>
      <line num="9" count="1" type="cond" truecount="1" falsecount="0"/>
      <line num="10" count="31" type="stmt"/>
      <line num="11" count="31" type="cond" truecount="1" falsecount="0"/>
      <line num="12" count="31" type="cond" truecount="1" falsecount="0"/>
      <line num="13" count="31" type="cond" truecount="1" falsecount="0"/>
      <line num="15" count="31" type="cond" truecount="1" falsecount="0"/>
      <line num="16" count="7" type="cond" truecount="0" falsecount="1"/>
      <line num="18" count="7" type="stmt"/>
      <line num="19" count="7" type="stmt"/>
      <line num="20" count="7" type="stmt"/>
      <line num="21" count="7" type="stmt"/>
      <line num="22" count="7" type="stmt"/>
      <line num="23" count="7" type="stmt"/>
      <line num="24" count="7" type="stmt"/>
      <line num="25" count="7" type="cond" truecount="0" falsecount="1"/>
      <line num="27" count="7" type="stmt"/>
      <line num="28" count="7" type="stmt"/>
      <line num="29" count="7" type="stmt"/>
      <line num="30" count="7" type="stmt"/>
      <line num="31" count="7" type="stmt"/>
      <line num="32" count="7" type="cond" truecount="1" falsecount="0"/>
      <line num="33" count="7" type="cond" truecount="1" falsecount="0"/>
      <line num="35" count="1" type="stmt"/>
      <line num="36" count="31" type="stmt"/>
      <line num="38" count="31" type="cond" truecount="1" falsecount="0"/>
      <line num="39" count="30" type="cond" truecount="2" falsecount="0"/>
      <line num="41" count="30" type="cond" truecount="2" falsecount="0"/>
      <line num="42" count="19" type="stmt"/>
      <line num="44" count="19" type="cond" truecount="1" falsecount="0"/>
      <line num="45" count="14" type="cond" truecount="1" falsecount="0"/>
      <line num="46" count="14" type="stmt"/>
      <line num="47" count="31" type="stmt"/>
      <line num="49" count="31" type="cond" truecount="1" falsecount="0"/>
      <line num="50" count="2" type="stmt"/>
      <line num="51" count="2" type="stmt"/>
      <line num="52" count="2" type="stmt"/>
      <line num="53" count="2" type="stmt"/>
      <line num="54" count="2" type="stmt"/>
      <line num="55" count="31" type="stmt"/>
      <line num="57" count="31" type="stmt"/>
      <line num="58" count="31" type="stmt"/>
    </file>
  </project>
</coverage>
