{"/app/packages/web/src/hooks/use-auth.ts": {"path":"/app/packages/web/src/hooks/use-auth.ts","all":false,"statementMap":{"2":{"start":{"line":3,"column":0},"end":{"line":3,"column":43}},"3":{"start":{"line":4,"column":0},"end":{"line":4,"column":35}},"5":{"start":{"line":6,"column":0},"end":{"line":6,"column":27}},"6":{"start":{"line":7,"column":0},"end":{"line":7,"column":28}},"8":{"start":{"line":9,"column":0},"end":{"line":9,"column":72}},"9":{"start":{"line":10,"column":0},"end":{"line":10,"column":48}},"10":{"start":{"line":11,"column":0},"end":{"line":11,"column":21}},"11":{"start":{"line":12,"column":0},"end":{"line":12,"column":54}},"12":{"start":{"line":13,"column":0},"end":{"line":13,"column":48}},"13":{"start":{"line":14,"column":0},"end":{"line":14,"column":6}},"14":{"start":{"line":15,"column":0},"end":{"line":15,"column":33}},"15":{"start":{"line":16,"column":0},"end":{"line":16,"column":58}},"16":{"start":{"line":17,"column":0},"end":{"line":17,"column":29}},"17":{"start":{"line":18,"column":0},"end":{"line":18,"column":20}},"18":{"start":{"line":19,"column":0},"end":{"line":19,"column":14}},"20":{"start":{"line":21,"column":0},"end":{"line":21,"column":75}},"21":{"start":{"line":22,"column":0},"end":{"line":22,"column":51}},"22":{"start":{"line":23,"column":0},"end":{"line":23,"column":21}},"23":{"start":{"line":24,"column":0},"end":{"line":24,"column":54}},"24":{"start":{"line":25,"column":0},"end":{"line":25,"column":48}},"25":{"start":{"line":26,"column":0},"end":{"line":26,"column":6}},"26":{"start":{"line":27,"column":0},"end":{"line":27,"column":33}},"27":{"start":{"line":28,"column":0},"end":{"line":28,"column":58}},"28":{"start":{"line":29,"column":0},"end":{"line":29,"column":29}},"29":{"start":{"line":30,"column":0},"end":{"line":30,"column":20}},"30":{"start":{"line":31,"column":0},"end":{"line":31,"column":14}},"32":{"start":{"line":33,"column":0},"end":{"line":33,"column":42}},"33":{"start":{"line":34,"column":0},"end":{"line":34,"column":55}},"34":{"start":{"line":35,"column":0},"end":{"line":35,"column":20}},"35":{"start":{"line":36,"column":0},"end":{"line":36,"column":14}},"37":{"start":{"line":38,"column":0},"end":{"line":38,"column":36}},"38":{"start":{"line":39,"column":0},"end":{"line":39,"column":1}}},"s":{"2":1,"3":1,"5":1,"6":5,"8":5,"9":2,"10":2,"11":2,"12":2,"13":2,"14":2,"15":2,"16":1,"17":1,"18":5,"20":5,"21":2,"22":2,"23":2,"24":2,"25":2,"26":2,"27":2,"28":1,"29":1,"30":5,"32":5,"33":1,"34":1,"35":5,"37":5,"38":5},"branchMap":{"0":{"type":"branch","line":6,"loc":{"start":{"line":6,"column":7},"end":{"line":39,"column":1}},"locations":[{"start":{"line":6,"column":7},"end":{"line":39,"column":1}}]},"1":{"type":"branch","line":9,"loc":{"start":{"line":9,"column":28},"end":{"line":19,"column":5}},"locations":[{"start":{"line":9,"column":28},"end":{"line":19,"column":5}}]},"2":{"type":"branch","line":16,"loc":{"start":{"line":16,"column":23},"end":{"line":18,"column":20}},"locations":[{"start":{"line":16,"column":23},"end":{"line":18,"column":20}}]},"3":{"type":"branch","line":21,"loc":{"start":{"line":21,"column":31},"end":{"line":31,"column":5}},"locations":[{"start":{"line":21,"column":31},"end":{"line":31,"column":5}}]},"4":{"type":"branch","line":28,"loc":{"start":{"line":28,"column":23},"end":{"line":30,"column":20}},"locations":[{"start":{"line":28,"column":23},"end":{"line":30,"column":20}}]},"5":{"type":"branch","line":33,"loc":{"start":{"line":33,"column":29},"end":{"line":36,"column":5}},"locations":[{"start":{"line":33,"column":29},"end":{"line":36,"column":5}}]}},"b":{"0":[5],"1":[2],"2":[1],"3":[2],"4":[1],"5":[1]},"fnMap":{"0":{"name":"useAuth","decl":{"start":{"line":6,"column":7},"end":{"line":39,"column":1}},"loc":{"start":{"line":6,"column":7},"end":{"line":39,"column":1}},"line":6}},"f":{"0":5}}
,"/app/packages/web/src/hooks/use-auto-save.ts": {"path":"/app/packages/web/src/hooks/use-auto-save.ts","all":false,"statementMap":{"2":{"start":{"line":3,"column":0},"end":{"line":3,"column":54}},"3":{"start":{"line":4,"column":0},"end":{"line":4,"column":54}},"5":{"start":{"line":6,"column":0},"end":{"line":6,"column":28}},"6":{"start":{"line":7,"column":0},"end":{"line":7,"column":43}},"8":{"start":{"line":9,"column":0},"end":{"line":9,"column":31}},"9":{"start":{"line":10,"column":0},"end":{"line":10,"column":69}},"10":{"start":{"line":11,"column":0},"end":{"line":11,"column":52}},"11":{"start":{"line":12,"column":0},"end":{"line":12,"column":56}},"12":{"start":{"line":13,"column":0},"end":{"line":13,"column":56}},"14":{"start":{"line":15,"column":0},"end":{"line":15,"column":40}},"15":{"start":{"line":16,"column":0},"end":{"line":16,"column":25}},"17":{"start":{"line":18,"column":0},"end":{"line":18,"column":9}},"18":{"start":{"line":19,"column":0},"end":{"line":19,"column":62}},"19":{"start":{"line":20,"column":0},"end":{"line":20,"column":17}},"20":{"start":{"line":21,"column":0},"end":{"line":21,"column":19}},"21":{"start":{"line":22,"column":0},"end":{"line":22,"column":19}},"22":{"start":{"line":23,"column":0},"end":{"line":23,"column":42}},"23":{"start":{"line":24,"column":0},"end":{"line":24,"column":9}},"24":{"start":{"line":25,"column":0},"end":{"line":25,"column":45}},"26":{"start":{"line":27,"column":0},"end":{"line":27,"column":9}},"27":{"start":{"line":28,"column":0},"end":{"line":28,"column":47}},"28":{"start":{"line":29,"column":0},"end":{"line":29,"column":24}},"29":{"start":{"line":30,"column":0},"end":{"line":30,"column":56}},"30":{"start":{"line":31,"column":0},"end":{"line":31,"column":45}},"31":{"start":{"line":32,"column":0},"end":{"line":32,"column":8}},"32":{"start":{"line":33,"column":0},"end":{"line":33,"column":13}},"34":{"start":{"line":35,"column":0},"end":{"line":35,"column":5}},"35":{"start":{"line":36,"column":0},"end":{"line":36,"column":40}},"37":{"start":{"line":38,"column":0},"end":{"line":38,"column":19}},"38":{"start":{"line":39,"column":0},"end":{"line":39,"column":25}},"40":{"start":{"line":41,"column":0},"end":{"line":41,"column":56}},"41":{"start":{"line":42,"column":0},"end":{"line":42,"column":56}},"43":{"start":{"line":44,"column":0},"end":{"line":44,"column":18}},"44":{"start":{"line":45,"column":0},"end":{"line":45,"column":58}},"45":{"start":{"line":46,"column":0},"end":{"line":46,"column":5}},"46":{"start":{"line":47,"column":0},"end":{"line":47,"column":34}},"48":{"start":{"line":49,"column":0},"end":{"line":49,"column":40}},"49":{"start":{"line":50,"column":0},"end":{"line":50,"column":27}},"50":{"start":{"line":51,"column":0},"end":{"line":51,"column":36}},"51":{"start":{"line":52,"column":0},"end":{"line":52,"column":29}},"52":{"start":{"line":53,"column":0},"end":{"line":53,"column":5}},"53":{"start":{"line":54,"column":0},"end":{"line":54,"column":17}},"54":{"start":{"line":55,"column":0},"end":{"line":55,"column":12}},"56":{"start":{"line":57,"column":0},"end":{"line":57,"column":23}},"57":{"start":{"line":58,"column":0},"end":{"line":58,"column":1}}},"s":{"2":1,"3":1,"5":1,"6":1,"8":1,"9":31,"10":31,"11":31,"12":31,"14":31,"15":7,"17":7,"18":7,"19":7,"20":7,"21":7,"22":7,"23":7,"24":7,"26":7,"27":7,"28":7,"29":7,"30":7,"31":7,"32":7,"34":1,"35":31,"37":31,"38":30,"40":30,"41":19,"43":19,"44":14,"45":14,"46":31,"48":31,"49":2,"50":2,"51":2,"52":2,"53":2,"54":31,"56":31,"57":31},"branchMap":{"0":{"type":"branch","line":9,"loc":{"start":{"line":9,"column":7},"end":{"line":58,"column":1}},"locations":[{"start":{"line":9,"column":7},"end":{"line":58,"column":1}}]},"1":{"type":"branch","line":11,"loc":{"start":{"line":11,"column":34},"end":{"line":11,"column":51}},"locations":[{"start":{"line":11,"column":34},"end":{"line":11,"column":51}}]},"2":{"type":"branch","line":12,"loc":{"start":{"line":12,"column":36},"end":{"line":12,"column":55}},"locations":[{"start":{"line":12,"column":36},"end":{"line":12,"column":55}}]},"3":{"type":"branch","line":13,"loc":{"start":{"line":13,"column":36},"end":{"line":13,"column":55}},"locations":[{"start":{"line":13,"column":36},"end":{"line":13,"column":55}}]},"4":{"type":"branch","line":15,"loc":{"start":{"line":15,"column":27},"end":{"line":36,"column":5}},"locations":[{"start":{"line":15,"column":27},"end":{"line":36,"column":5}}]},"5":{"type":"branch","line":16,"loc":{"start":{"line":16,"column":19},"end":{"line":16,"column":25}},"locations":[{"start":{"line":16,"column":19},"end":{"line":16,"column":25}}]},"6":{"type":"branch","line":25,"loc":{"start":{"line":25,"column":4},"end":{"line":25,"column":45}},"locations":[{"start":{"line":25,"column":4},"end":{"line":25,"column":45}}]},"7":{"type":"branch","line":32,"loc":{"start":{"line":32,"column":7},"end":{"line":33,"column":12}},"locations":[{"start":{"line":32,"column":7},"end":{"line":33,"column":12}}]},"8":{"type":"branch","line":33,"loc":{"start":{"line":33,"column":4},"end":{"line":35,"column":5}},"locations":[{"start":{"line":33,"column":4},"end":{"line":35,"column":5}}]},"9":{"type":"branch","line":38,"loc":{"start":{"line":38,"column":12},"end":{"line":47,"column":5}},"locations":[{"start":{"line":38,"column":12},"end":{"line":47,"column":5}}]},"10":{"type":"branch","line":39,"loc":{"start":{"line":39,"column":19},"end":{"line":39,"column":25}},"locations":[{"start":{"line":39,"column":19},"end":{"line":39,"column":25}}]},"11":{"type":"branch","line":39,"loc":{"start":{"line":39,"column":19},"end":{"line":41,"column":39}},"locations":[{"start":{"line":39,"column":19},"end":{"line":41,"column":39}}]},"12":{"type":"branch","line":41,"loc":{"start":{"line":41,"column":26},"end":{"line":41,"column":56}},"locations":[{"start":{"line":41,"column":26},"end":{"line":41,"column":56}}]},"13":{"type":"branch","line":41,"loc":{"start":{"line":41,"column":55},"end":{"line":46,"column":5}},"locations":[{"start":{"line":41,"column":55},"end":{"line":46,"column":5}}]},"14":{"type":"branch","line":44,"loc":{"start":{"line":44,"column":11},"end":{"line":46,"column":5}},"locations":[{"start":{"line":44,"column":11},"end":{"line":46,"column":5}}]},"15":{"type":"branch","line":45,"loc":{"start":{"line":45,"column":28},"end":{"line":45,"column":58}},"locations":[{"start":{"line":45,"column":28},"end":{"line":45,"column":58}}]},"16":{"type":"branch","line":49,"loc":{"start":{"line":49,"column":33},"end":{"line":55,"column":5}},"locations":[{"start":{"line":49,"column":33},"end":{"line":55,"column":5}}]}},"b":{"0":[31],"1":[118],"2":[118],"3":[118],"4":[7],"5":[0],"6":[0],"7":[6],"8":[1],"9":[30],"10":[11],"11":[19],"12":[13],"13":[19],"14":[14],"15":[13],"16":[2]},"fnMap":{"0":{"name":"useAutoSave","decl":{"start":{"line":9,"column":7},"end":{"line":58,"column":1}},"loc":{"start":{"line":9,"column":7},"end":{"line":58,"column":1}},"line":9}},"f":{"0":31}}
}
